1 10 20
100 200 125
201 210 89
900 1000 174
1 5000 238
500 1000 179
1 2 2
2 4 8
4 8 17
8 16 20
16 32 112
32 64 113
64 128 119
128 256 128
256 512 144
512 1024 179
1024 2048 182
230000 410000 443
210000 230000 386
150000 210000 383
140000 150000 375
100000 140000 354
75000 100000 351
50000 75000 340
35500 50000 324
35000 35500 311
34000 35000 311
26000 23000 282
69 776466 509
65 814583 509
51 915029 525
75 2422 183
6 3533 217
18 695 145
16 881888 525
81 66146 340
81 2459 183
99 769360 509
18 83367 351
276436 591840 470
895846 366251 525
93056 87012 333
313524 719076 509
710645 30021 509
36480 415214 449
283829 257553 407
153758 388980 443
186767 225152 386
13659 224524 386
663490 610749 509
