1 10 20
100 200 125
201 210 89
900 1000 174
837799 837799 525
800000 900000 525
10 1 20
200 100 125
1 1000000 525
1000000 1000000 153
999999 1000000 259
1 1 1
2 2 2
100 100 26
1 2 2
1000 5000 238
10000 20000 279
5000 10000 262
5001 9999 262
800000 837798 450
638255 638258 354
908767 908768 339
910670 910670 202
455335 455335 201
455335 910670 525
455335 910671 525
683003 683003 199
768379 768379 194
768379 768380 194
972481 972481 184
76925 769250 509
64907 64907 162
2437 7312 262
2437 3656 217
2 4 8
2 10 20
10 9 20
457 457 129
457 900 179
457 1000 179
1372 457 182
214 322 131
214 457 144
214 213 102
53 160 122
1300 1300 27
666 6666 262
6154 911 238
6154 9111 262
1 1 1
1 2 2
1 1 1
1 2 2
2 2 2
