3411 7543 262
3 30 112
161999 105415 383
135 377 144
357 751 171
7660 6110 262
3115 67120 340
158 977 179
1217 69403 340
320 27390 308
124 5193 238
111 618 144
9 16 20
452918 61895 449
293 841 171
380 342 126
282608 974468 525
259 632 144
9 8 20
3887 37978 324
13 8387 262
2162 51635 324
172541 584917 470
6000 8019 262
106766 778999 509
1517 8093 262
161 842 171
7527 6011 262
6743 9604 260
478971 546848 470
4502 5208 210
9800 9935 242
3474 35005 311
1775 7684 262
4 5 6
8 451 144
465105 78040 449
1009 5268 238
105 575 144
1607 97841 351
1694 27036 308
334030 618171 470
3569 94228 351
9 13 20
3164 8010 262
6 17 20
103937 866291 525
7071 8582 252
94803 264169 443
486 602 142
15 967 179
62 15614 276
6 21 21
8 16 20
126 992 179
145 605 144
5495 8256 262
232 879 179
5 10 20
9 26 24
