1 10 20
100 200 125
201 210 89
900 1000 174
1001 1100 169
1000 2000 182
2001 2100 157
2000 3000 217
3001 3100 186
3000 4000 238
4001 4100 189
4000 5000 215
5001 5100 179
5000 6000 236
6001 6100 187
6000 7000 262
7001 7100 195
7000 8000 252
8001 8100 190
8000 9000 247
9001 9100 185
9000 10000 260
10001 11000 268
10000 20000 279
20001 21000 256
20000 30000 308
30001 31000 272
30000 40000 324
40001 41000 288
40000 50000 314
50001 51000 278
50000 60000 340
60001 61000 335
60000 70000 335
70001 71000 312
70000 80000 351
80001 81000 320
80000 90000 333
90001 91000 315
90000 100000 333
100001 101000 341
100000 200000 383
200001 210000 373
200000 300000 443
300001 310000 371
300000 400000 441
400001 410000 405
400000 500000 449
500001 510000 426
500000 600000 470
600001 610000 403
600000 700000 509
700001 710000 504
700000 800000 504
800001 810000 406
800000 900000 525
900001 910000 445
900000 999999 507
