1 10 20
100 200 125
201 210 89
900 1000 174
69 1515 182
136 240 128
1 1000000 525
50000 50001 128
9347 78953 351
124 890423 525
432 568 142
50 1029 179
10101 11101 268
10000 100000 351
100001 200000 383
200001 300000 443
300001 400000 441
400001 500000 449
500001 600000 470
600001 700000 509
700001 800000 504
800001 900000 525
900001 1000000 507
1 100 119
1 1000 179
1 10000 262
1 100000 351
4567 123456 354
1234 234567 443
2015 2019 113
311 911 179
512 5120 238
45 100 119
99 102 26
1350 500000 449
52 8090 262
421 569 142
111 111 70
11 1111 179
1 11111 268
2349 2394 165
1234 4321 238
999 99990 351
2 22222 279
4182 74892 340
2723 3276 217
666 5656 238
3 33333 308
812 5150 238
1969 1978 144
42 1010 179
567 1048 179
1209 5308 238
5132 328900 443
132 94573 351
894 4203 238
1996 2017 144
9420 24900 282
100 1000 179
555 5555 238
100 10000 262
