1 10 20
100 200 125
201 210 89
900 1000 174
10 1 20
200 100 125
210 201 89
1000 900 174
1 1 1
1 2 2
1 3 8
1 4 8
1 10000 262
10000 1 262
5001 10000 262
10000 5001 262
1 200000 383
20000 1 279
35453 456 311
7863 4863 262
10000 10000 30
1000000 1 525
999999 1000000 259
4 8 17
32 16 112
64 128 119
512 256 144
1024 2048 182
8192 4096 262
16384 32768 308
192 168 125
255 255 48
1 100 119
1 1000 179
1 10000 262
1 100000 351
1 1000000 525
1 10000 262
10001 20000 279
20001 30000 308
30001 40000 324
40001 50000 314
50001 60000 340
100000 200000 383
200001 300000 443
300001 400000 441
400001 500000 449
500001 600000 470
999999 1 525
99999 1 351
9999 1 262
999 1 179
99 1 119
9 1 20
