10 10 7
20 21 8
21 20 8
1001 2000 182
2001 3000 217
3001 4000 238
4001 5000 215
5001 6000 236
6001 7000 262
7001 8000 252
8001 9000 247
9001 10000 260
10000 9000 260
59 878 179
1 10000 262
1 100000 351
1 1000000 525
1000000 1 525
1 2 2
2 3 8
3 4 8
123098 158927 383
1000000 1000000 153
999999 1000000 259
1 1 1
31 4159 238
31 415926 449
22 22 16
549 2222 182
3000 7000 262
7000 3000 262
129 2587 209
2 12 20
282 6244 262
501023 12083 449
1223 888821 525
32498 109 308
292 580 144
10091 85029 351
123 456 144
789 101112 351
39 58 113
111 1111 179
1111 11111 268
50 100 119
1000 2000 182
12 24 21
24 48 112
48 96 116
12309 45901 324
12358 8120 268
