1 10 20
100 200 125
201 210 89
900 1000 174
10000 20000 279
20001 21000 256
90000 100000 333
100001 200000 383
200001 210000 373
900000 1000000 507
1 1000000 525
340602 663735 509
842205 817152 525
317189 412574 449
400461 461362 449
932965 706771 525
188621 975537 525
22274 548871 470
826370 362626 509
850629 983835 507
827307 250468 509
925972 596160 525
321093 502265 449
99412 513403 470
115629 765776 509
641302 356344 509
326132 556590 470
746068 775996 468
906929 59996 525
460703 115333 449
913787 625900 525
542595 77322 470
301021 674781 509
224718 51681 386
972350 667544 525
580775 463966 470
144740 470955 449
841419 789966 525
104718 382675 443
462989 736204 509
383532 80734 443
993889 452013 525
266725 35018 443
942007 328333 525
77992 535435 470
710618 907416 525
213730 717035 509
982428 477859 525
618852 697418 509
606276 432632 470
706887 367820 509
769085 129086 509
906135 665564 525
797696 606917 509
604364 702265 509
633869 462121 509
332778 153590 443
155028 802056 509
445992 395872 449
2788 397005 443
682154 208732 509
215909 27883 383
184433 428987 449
258347 59190 443
996 450643 449
363612 54646 443
972117 82570 525
268038 645804 509
239115 304510 407
697029 721843 504
560986 317498 470
855401 917156 476
796359 425419 509
620701 799349 509
766400 380771 509
346737 104383 443
177385 126093 383
585443 811795 509
776092 993075 525
31499 661946 509
897782 769572 525
10057 172344 383
378305 745271 509
456790 611385 470
529379 333352 470
456564 32883 449
285949 687758 509
725879 228466 509
995052 232858 525
862949 459409 525
790534 57689 509
54591 72462 335
683876 787938 504
681755 607699 509
10948 831372 509
311973 289494 371
374595 201277 443
643573 628859 416
494804 3236 449
350095 236450 441
