1 10 20
100 200 125
201 210 89
900 1000 174
1500 1500 48
9000 1 262
999999 500000 525
128 256 128
512 1024 179
2048 4096 238
8016 1632 262
11111 11112 131
11111 11110 131
1 2 2
1 999999 525
10 100 119
100 1000 179
1000 10000 262
10000 100000 351
119 179 125
125852 258456 443
254563 325652 407
345852 452785 449
458526 521456 470
524852 625482 452
625852 785456 509
789456 896541 525
812478 985214 525
1 1 1
987852 865321 507
856652 785214 525
745258 625456 509
658852 582963 509
582471 471582 470
471963 369528 449
321358 231852 407
256348 152032 443
124520 555 354
111 222 125
222 333 144
999998 999997 259
333 444 134
444 555 142
555 666 145
666 777 171
777 888 179
999 1000 112
2 200000 383
4 400000 443
6 600000 470
8 800000 509
10 100000 351
3 300001 443
5 500001 449
7 700001 509
9 900001 525
999999 1 525