1 10 20
100 200 125
201 210 89
900 1000 174
10 1 20
200 100 125
1 1 1
1000000 1000000 153
1 1000000 525
1000000 1 525
47382 58743 340
1234 5678 238
5678 1234 238
999999 1 525
9283 4758 262
920 450 179
10000 2 262
11111 12121 250
122 14 119
2 23 21
2 2 2
3978 3883 189
483 777 171
99898 99098 328
778 889 179
110 921 179
1001 9000 262
909 808 179
156 674 145
92 1000000 525
978 9382 262
885 2 179
92929 73737 351
198 889 179
776 665 171
243 8251 262
108 100 114
99 99 26
999 9999 262
157982 45 383
54 31 113
3125 29 217
80 81 23
81 80 23
9009 8228 247
134523 374 354
777 747 153
111111 10101 354
100101 98878 328
8574 5768 262
12 12 10
145879 99299 375
41 577 144
8989 1515 262
181818 262626 443
78934 20394 351
8808 319780 443
213789 95 383
1982 23597 282
7845 5678 262
98 109029 354
972543 66768 525
11923 99482 351
2 500000 449
279389 49931 443
