1 1000000 525
100 1 119
2485 3920 238
5920 173 238
195000 195000 99
1000000 1 525
1 2 2
6748 6748 45
2 1 2
1000 2000 182
2000 1 182
3400 100000 351
250 5 128
500000 600000 470
600000 500000 470
12345 54321 340
78794 49787 351
123 124 109
67000 78000 351
1 1 1
10000 20000 279
34500 50002 324
219134 18151 386
489644 856995 525
834938 627639 504
789819 263500 509
374616 220626 443
756310 219267 509
666570 341623 509
692527 28354 509
617276 646634 509
587149 195760 470
267042 981607 525
518558 85362 470
922941 61284 525
272262 700090 509
519800 678436 509
706159 563435 509
209380 633684 509
999971 890012 507
830441 440048 509
45500 115025 354
408527 81170 443
952911 892736 507
273549 684885 509
332846 191523 443
557922 539507 452
54735 83984 351
670156 919892 525
537397 115840 470
