1 10 20
100 200 125
201 210 89
900 1000 174
1 1 1
1 2 2
1 3 8
1 5 8
8 8 4
9 9 20
1 1000 179
1001 2000 182
2001 3000 217
3001 4000 238
4001 5000 215
5001 6000 236
6001 7000 262
7001 8000 252
8001 9000 247
9001 10000 260
1001 2500 209
2000 3500 217
3000 5500 238
10000 20000 279
20001 30000 308
30001 40000 324
40001 50000 314
50001 60000 340
60001 70000 335
70001 80000 351
80001 90000 333
90001 100000 333
25000 40000 324
35000 70000 340
10000 100000 351
100000 200000 383
200001 300000 443
300001 400000 441
400001 500000 449
500001 600000 470
600001 700000 509
700001 800000 504
800001 900000 525
900001 1000000 507
250000 400000 441
350000 700000 509
999000 1000000 396
250 690 145
7 8001 262
40000 40001 169
660000 900000 525
555555 600001 434
1 1000000 525
800 11000 268
8888 8888 35
89999 90000 165
90000 90001 165
89999 90001 165
999 100001 351
1000000 1000000 153
11 58 113
614 2102 182
