1 10 20
100 200 125
201 210 89
900 1000 174
384 387 121
416 778 171
336 794 171
387 493 142
422 650 145
28 363 144
60 691 145
427 764 171
427 541 142
173 237 128
212 369 144
430 568 142
31 783 171
124 863 171
68 136 122
303 930 179
23 59 113
70 168 122
394 457 134
12 43 112
230 374 144
420 422 41
38 785 171
199 325 131
316 371 144
27 414 144
92 481 144
374 957 179
171 863 171
282 997 179
2306 20926 279
7085 336328 443
337 826506 509
847 21730 279
1314 225858 386
6125 653896 509
9583 400546 443
8815 233368 443
5435 190365 383
4044 713751 509
1088 26809 308
7277 847179 525
5789 193585 383
5404 602652 470
2755 412400 449
9933 495061 449
9677 793369 509
7740 610013 470
6227 98587 351
8095 597540 470
796 880571 525
1435 460379 449
7468 266602 443
98 612903 470
3318 570493 470
6653 560757 470
7302 460281 449
4287 109442 354
3866 729690 509
8445 646620 509
