837500 1000000 525
626000 837500 509
511000 626000 470
410000 511000 449
230000 410000 443
210000 230000 386
150000 210000 383
140000 150000 375
100000 140000 354
75000 100000 351
50000 75000 340
35500 50000 324
35000 35500 311
34000 35000 311
26000 23000 282
23000 26000 282
13000 17000 276
10000 13000 268
6000 10000 262
3000 6000 238
2500 3500 217
2400 2500 209
2400 2300 183
2200 2300 183
1000 2200 182
800 1000 179
700 870 171
650 700 145
650 660 145
650 655 145
650 654 145
640 645 101
320 640 144
310 320 131
230 310 128
320 325 100
170 230 125
120 170 122
95 120 119
70 95 116
55 73 116
54 73 116
54 54 113
25 50 112
50 25 112
10 17 18
10 18 21
8 8 4
4 6 9
45 32767 308
1 15 20
2 28 112
3 24 21
20 25 24
50 100 119
100 170 122
230 320 131
600 650 145
3712 6170 236
