446993 218380 449
414673 9321 449
824881 836272 419
829569 589959 509
238115 435425 449
274242 723306 509
81804 540492 470
325173 969804 525
628663 779682 504
275001 880790 525
493380 905139 525
19052 858389 525
855323 298308 525
961633 229558 525
397057 850847 525
120362 740093 509
177205 441262 449
147009 796252 509
443042 277556 449
323831 906740 525
228969 90148 386
603710 720548 509
418369 281973 449
647927 668279 442
15125 400504 443
271569 370844 441
229182 648130 509
25434 490866 449
819341 175127 509
242432 4403 443
848931 108678 525
85831 739037 509
367803 872096 525
36081 893181 525
436585 359546 449
323780 222968 443
971909 723104 525
979127 400444 525
670605 741144 504
675007 524885 509
300037 148808 443
39073 518051 470
427520 491004 444
320700 882325 525
196598 437924 449
419565 524999 470
659020 883643 525
575815 471469 470
833310 117431 509
358194 582734 470
23353 806821 509
541404 879838 525
32407 555037 470
431083 598038 470
869006 193472 525
910356 741842 525
793999 130344 509
781819 7106 509
899249 862994 445
481983 905838 525
805155 623689 509
684992 641576 442
240028 731240 509
354417 248423 441
64241 602657 470
322434 153489 443
969129 123885 525
976234 786004 525
355579 23938 443
261417 95182 443
401457 557323 470
43033 42816 239
290624 69713 443
539046 161719 470
658054 684808 442
811542 593253 509
935426 412054 525
237782 24853 443
261719 419470 449
873252 746040 525
430574 554591 470
989742 168297 525
575806 983345 525
737524 554773 509
938683 480617 525
531936 987053 525
943989 815922 525
968842 613920 525
600000 600000 54
650702 583370 509
721645 523652 509
889941 865390 445
1 1 1
944409 958258 414
941377 689049 525
928429 594245 525
260703 310982 407
874622 479497 525
1000000 1000000 153
395198 70160 443
