1 1000 179
89 23478 279
948239 12321 525
123 678 145
987567 1123 525
1 1000000 525
345 11111 268
1112 1114 138
3345 7768 262
43101 800000 509
800000 900000 525
78 43 116
5000 3 238
79092 989 351
4571 45898 324
1000 2000 182
250 500 144
251 253 110
70 3 113
33 89 116
876 1000 174
50000 75000 340
98000 100000 328
9879 10024 242
989203 1000000 440
10 567 144
7800 9 262
9000 555993 470
98 2 119
2 2500 209
2501 30000 308
783 1000 179
1000000 837799 525
10 50 112
152 151 24
1 8 17
99 786 171
777 5555 238
9990 453621 449
33 897 179
999 5 179
909 4004 238
8921 56 262
43 100598 351
4563 191 238
478 2300 183
12389 123898 354
1010 7090 262
994 55994 340
784 3 171
