1 100 119
1 999999 525
100 2500 209
2000 5000 238
1000 2000 182
5000 7500 262
5500 7500 262
10000 100000 351
1 1999 182
1500 10500 262
15000 100500 351
1 1001 179
200 2001 182
200 1999 182
100 1 119
999999 1 525
2500 100 209
5000 2000 238
7500 5000 262
7500 5500 262
200 210 89
2 3 8
8934 22345 279
645 86459 351
34586 662562 509
596 432867 449
1000 1000 112
1 1 1
999999 999999 259
2076 876876 525
1651 2076 180
2076 7295 262
65 849645 525
761869 888888 525
159753 8462 383
8822 4646 262
4521 6455 262
217 238 128
132456 456789 449
987654 654321 525
8135 7925 252
685214 564564 509
54234 198342 383
384635 819662 509
111111 222222 386
5346 91287 351
357456 987654 525
100 2017 182
3825 87867 351
4523 6987 262
6734 59128 340