116740 670488 509
26226 777573 509
256788 288390 407
146317 234054 443
107474 772247 509
709571 776647 468
571859 935519 525
91162 619177 470
33327 442418 449
31245 98247 351
229259 243963 443
529904 631263 509
27825 588509 470
208497 750801 509
681454 735393 504
439899 571413 470
231149 471030 449
291705 617890 470
848750 911528 476
6815 795668 509
167415 844963 525
443144 732053 509
291370 356779 441
163033 225773 386
352945 800582 509
97252 107176 354
101415 398383 443
376418 888663 525
360664 633053 509
277371 846336 525
45562 765180 509
481742 562276 470
130890 967097 525
82628 396923 443
307420 578857 470
659177 869694 525
648565 928464 525
379202 903566 525
201630 605398 470
72934 738798 509
48051 693385 509
238969 810621 509
83668 303446 443
244099 896866 525
105908 908574 525
291477 398592 441
475436 666564 509
382555 874629 525
170556 388163 443
219685 372529 443
279947 702730 509
735912 982154 525
679515 716752 504
74871 638721 509
179452 665823 509
560087 764545 509
171340 256703 443
397888 484715 449
283061 970343 525
671089 721591 504
230284 584005 470
340036 717871 509
805636 883795 525
58656 813695 509
240175 861723 525
33660 844152 525
330777 420652 449
69404 280747 443
221232 957493 525
594732 988713 525
752788 918939 525
222956 329964 443
523482 687278 509
414851 927658 525
674080 958973 525
