1 10 20
100 200 125
201 210 89
900 1000 174
3000 199999 383
15000 99765 351
654 999 179
9012 7425 252
563919 956392 525
499999 999999 525
92856 120 351
1250 50000 324
8629 88888 351
121849 410920 449
1 5 8
1000000 1000000 153
222222 128498 386
1 999999 525
182461 454545 449
299 508 144
6128 9999 262
499 1000 179
999 771299 509
913518 1000000 507
1000 560 179
511 55151 340
46500 500100 449
9789 568423 470
886 377 179
6616 5455 262
3010 33000 308
10040 100500 351
19 919199 525
83000 12340 351
3415 336412 443
652144 489051 509
5427 916954 525
1 99000 351
120000 1 354
1 45 112
25 225 125
27 53404 340
2000 310000 443
300021 600000 470
40011 800000 509
2050 742123 509
81231 444363 449
233458 444364 449
71574 100100 351
481253 552343 470
9152 92152 351
